Creating coverage store: sentinel_demo_NDVI in workspace: demoWorkspace
File path: /Users/ganeshsharma/Desktop/sentinel_demo_NDVI_styled.tif
Coverage store sentinel_demo_NDVI created successfully
Coverage store demoWorkspace:2020-10-29-00_00_2020-10-29-23_59_Sentinel-2_L2A not found
Coverage store demoWorkspace:2020-10-29-00_00_2020-10-29-23_59_Sentinel-2_L2A not found
Coverage store demoWorkspace:2020-10-29-00_00_2020-10-29-23_59_Sentinel-2_L2A not found
NDWI calculation error: PROJ: proj_create_from_name: C:\Program Files\PostgreSQL\17\share\contrib\postgis-3.5\proj\proj.db contains DATABASE.LAYOUT.VERSION.MINOR = 4 whereas a number >= 6 is expected. It comes from another PROJ installation.
NDWI calculation error: PROJ: proj_create_from_name: C:\Program Files\PostgreSQL\17\share\contrib\postgis-3.5\proj\proj.db contains DATABASE.LAYOUT.VERSION.MINOR = 4 whereas a number >= 6 is expected. It comes from another PROJ installation.
Cleaned up file: /data/mayur_23-9-25/26-09-25/2020-10-29-00_00_2020-10-29-23_59_Sentinel-2_L2A (1)\sentinelImage_NDWI.tif
NDWI processing completed: /data/mayur_23-9-25/26-09-25/2020-10-29-00_00_2020-10-29-23_59_Sentinel-2_L2A (1)\sentinelImage_NDWI_styled.tif
Creating coverage store: sentinelImage_NDWI in workspace: demoWorkspace
File path: /data/mayur_23-9-25/26-09-25/2020-10-29-00_00_2020-10-29-23_59_Sentinel-2_L2A (1)\sentinelImage_NDWI_styled.tif
Coverage store sentinelImage_NDWI created successfully
Coverage creation failed: 500 Server Error: Server Error for url: http://localhost:8080/geoserver/rest/workspaces/demoWorkspace/coveragestores/sentinelImage_NDWI/coverages
Cleaned up NDWI file: /data/mayur_23-9-25/26-09-25/2020-10-29-00_00_2020-10-29-23_59_Sentinel-2_L2A (1)\sentinelImage_NDWI_styled.tif
Creating coverage store: sentinelImage_NDVI in workspace: demoWorkspace
File path: /data/mayur_23-9-25/26-09-25/2020-10-29-00_00_2020-10-29-23_59_Sentinel-2_L2A (1)\sentinelImage_NDVI_styled.tif
Coverage store sentinelImage_NDVI created successfully
Coverage creation failed: 500 Server Error: Server Error for url: http://localhost:8080/geoserver/rest/workspaces/demoWorkspace/coveragestores/sentinelImage_NDVI/coverages
Cleaned up NDVI file: /data/mayur_23-9-25/26-09-25/2020-10-29-00_00_2020-10-29-23_59_Sentinel-2_L2A (1)\sentinelImage_NDVI_styled.tif
Creating coverage store: sentinelImage_NDVI in workspace: demoWorkspace
File path: /data/mayur_23-9-25/26-09-25/2020-10-29-00_00_2020-10-29-23_59_Sentinel-2_L2A (1)\sentinelImage_NDVI_styled.tif
Coverage store sentinelImage_NDVI created successfully
Coverage creation failed: 500 Server Error: Server Error for url: http://localhost:8080/geoserver/rest/workspaces/demoWorkspace/coveragestores/sentinelImage_NDVI/coverages
Cleaned up NDVI file: /data/mayur_23-9-25/26-09-25/2020-10-29-00_00_2020-10-29-23_59_Sentinel-2_L2A (1)\sentinelImage_NDVI_styled.tif
Creating coverage store: sentinelImage_NDVI in workspace: demoWorkspace
File path: /data/mayur_23-9-25/26-09-25/2020-10-29-00_00_2020-10-29-23_59_Sentinel-2_L2A (1)\sentinelImage_NDVI_styled.tif
Creating coverage store: sentinelImage_NDVI in workspace: demoWorkspace
File path: \data\mayur_23-9-25\26-09-25\2020-10-29-00_00_2020-10-29-23_59_Sentinel-2_L2A (1)\sentinelImage_NDVI_styled.tif
Coverage store sentinelImage_NDVI created successfully
Coverage creation failed: 500 Server Error: Server Error for url: http://localhost:8080/geoserver/rest/workspaces/demoWorkspace/coveragestores/sentinelImage_NDVI/coverages
Cleaned up NDVI file: \data\mayur_23-9-25\26-09-25\2020-10-29-00_00_2020-10-29-23_59_Sentinel-2_L2A (1)\sentinelImage_NDVI_styled.tif
Creating coverage store: sentinelImage_NDVI in workspace: demoWorkspace
File path: \data\mayur_23-9-25\26-09-25\2020-10-29-00_00_2020-10-29-23_59_Sentinel-2_L2A (1)\sentinelImage_NDVI_styled.tif
Coverage store sentinelImage_NDVI created successfully
Coverage creation failed: 500 Server Error: Server Error for url: http://localhost:8080/geoserver/rest/workspaces/demoWorkspace/coveragestores/sentinelImage_NDVI/coverages
Cleaned up NDVI file: \data\mayur_23-9-25\26-09-25\2020-10-29-00_00_2020-10-29-23_59_Sentinel-2_L2A (1)\sentinelImage_NDVI_styled.tif
Creating coverage store: sentinelImage_NDVI in workspace: demoWorkspace
File path: \data\mayur_23-9-25\26-09-25\2020-10-29-00_00_2020-10-29-23_59_Sentinel-2_L2A (1)\sentinelImage_NDVI_styled.tif
Coverage store creation failed:
Status: 500
Response: Store 'sentinelImage_NDVI' already exists in workspace 'demoWorkspace'
URL: http://localhost:8080/geoserver/rest/workspaces/demoWorkspace/coveragestores
Cleaned up NDVI file: \data\mayur_23-9-25\26-09-25\2020-10-29-00_00_2020-10-29-23_59_Sentinel-2_L2A (1)\sentinelImage_NDVI_styled.tif
Creating coverage store: sentinelImage_NDVI in workspace: demoWorkspace
File path: \data\mayur_23-9-25\26-09-25\2020-10-29-00_00_2020-10-29-23_59_Sentinel-2_L2A (1)\sentinelImage_NDVI_styled.tif
Coverage store creation failed:
Status: 500
Response: Store 'sentinelImage_NDVI' already exists in workspace 'demoWorkspace'
URL: http://localhost:8080/geoserver/rest/workspaces/demoWorkspace/coveragestores
Cleaned up NDVI file: \data\mayur_23-9-25\26-09-25\2020-10-29-00_00_2020-10-29-23_59_Sentinel-2_L2A (1)\sentinelImage_NDVI_styled.tif
Creating coverage store: sentinelImage_NDVI in workspace: demoWorkspace
File path: D:\data\mayur_23-9-25\26-09-25\2020-10-29-00_00_2020-10-29-23_59_Sentinel-2_L2A (1)\sentinelImage_NDVI_styled.tif
Coverage store creation failed:
Status: 500
Response: Store 'sentinelImage_NDVI' already exists in workspace 'demoWorkspace'
URL: http://localhost:8080/geoserver/rest/workspaces/demoWorkspace/coveragestores
Cleaned up NDVI file: D:\data\mayur_23-9-25\26-09-25\2020-10-29-00_00_2020-10-29-23_59_Sentinel-2_L2A (1)\sentinelImage_NDVI_styled.tif
Creating coverage store: sentinelImage_NDVI in workspace: demoWorkspace
File path: D:\data\mayur_23-9-25\26-09-25\2020-10-29-00_00_2020-10-29-23_59_Sentinel-2_L2A (1)\sentinelImage_NDVI_styled.tif
Coverage store sentinelImage_NDVI created successfully
Kafka producer initialized for 10.208.26.232:9092
Creating coverage store: sentinelImage_NDVI_styled in workspace: demoWorkspace
File path: D:\data\mayur_23-9-25\26-09-25\2020-10-29-00_00_2020-10-29-23_59_Sentinel-2_L2A (1)\sentinelImage_NDVI_styled.tif
Coverage store sentinelImage_NDVI_styled created successfully
Kafka message sent successfully:
Topic: image-processing-status
Partition: 0
Offset: 0
Message: {
  "workspace": "demoWorkspace",
  "store_name": "sentinelImage_NDVI_styled",
  "layer_type": "NDVI",
  "status": "success",
  "timestamp": "2025-09-29T05:43:29.333698Z",
  "original_layer": "sentinelImage",
  "file_path": "D:\\data\\mayur_23-9-25\\26-09-25\\2020-10-29-00_00_2020-10-29-23_59_Sentinel-2_L2A (1)\\sentinelImage_NDVI_styled.tif"
}
Kafka producer connection closed
Kafka producer connection closed
Kafka producer initialized for 10.208.26.232:9092
Kafka message sent successfully:
Topic: image-processing-status
Partition: 0
Offset: 1
Message: {
  "workspace": "demoWorkspace",
  "store_name": "sentinelImage_NDVI_styled",
  "layer_type": "NDVI",
  "status": "failed",
  "timestamp": "2025-09-29T05:43:39.548940Z",
  "original_layer": "sentinelImage",
  "error_message": "NDVI layer demoWorkspace:sentinelImage_NDVI_styled already exists"
}
Kafka producer connection closed
Kafka producer connection closed
Kafka producer initialized for 10.208.26.232:9092
Kafka message sent successfully:
Topic: image-processing-status
Partition: 0
Offset: 2
Message: {
  "workspace": "demoWorkspace",
  "store_name": "sentinelImage_NDVI_styled",
  "layer_type": "NDVI",
  "status": "failed",
  "timestamp": "2025-09-29T05:44:45.957137Z",
  "original_layer": "sentinelImage",
  "error_message": "NDVI layer demoWorkspace:sentinelImage_NDVI_styled already exists"
}
Kafka producer connection closed
Kafka producer connection closed
Kafka producer initialized for 10.208.26.232:9092
Creating coverage store: sentinelImage_NDVI in workspace: demoWorkspace
File path: D:\data\mayur_23-9-25\26-09-25\2020-10-29-00_00_2020-10-29-23_59_Sentinel-2_L2A (1)\sentinelImage_NDVI_styled.tif
Coverage store sentinelImage_NDVI created successfully
Kafka message sent successfully:
Topic: image-processing-status
Partition: 0
Offset: 3
Message: {
  "workspace": "demoWorkspace",
  "store_name": "sentinelImage_NDVI",
  "layer_type": "NDVI",
  "status": "success",
  "timestamp": "2025-09-29T05:58:52.974966Z",
  "original_layer": "sentinelImage",
  "file_path": "D:\\data\\mayur_23-9-25\\26-09-25\\2020-10-29-00_00_2020-10-29-23_59_Sentinel-2_L2A (1)\\sentinelImage_NDVI_styled.tif"
}
Kafka producer connection closed
Kafka producer connection closed
Kafka producer initialized for 10.208.26.232:9092
Cleaned up file: D:\data\mayur_23-9-25\26-09-25\2020-10-29-00_00_2020-10-29-23_59_Sentinel-2_L2A (1)\sentinelImage_NDWI.tif
NDWI processing completed: D:\data\mayur_23-9-25\26-09-25\2020-10-29-00_00_2020-10-29-23_59_Sentinel-2_L2A (1)\sentinelImage_NDWI_styled.tif
Creating coverage store: sentinelImage_NDWI in workspace: demoWorkspace
File path: D:\data\mayur_23-9-25\26-09-25\2020-10-29-00_00_2020-10-29-23_59_Sentinel-2_L2A (1)\sentinelImage_NDWI_styled.tif
Coverage store sentinelImage_NDWI created successfully
Kafka message sent successfully:
Topic: image-processing-status
Partition: 0
Offset: 4
Message: {
  "workspace": "demoWorkspace",
  "store_name": "sentinelImage_NDWI",
  "layer_type": "NDWI",
  "status": "success",
  "timestamp": "2025-09-29T05:59:46.978271Z",
  "original_layer": "sentinelImage",
  "file_path": "D:\\data\\mayur_23-9-25\\26-09-25\\2020-10-29-00_00_2020-10-29-23_59_Sentinel-2_L2A (1)\\sentinelImage_NDWI_styled.tif"
}
Kafka producer connection closed
Kafka producer connection closed
